<!DOCTYPE html PUBLIC  -//W3C//DTD XHTML 1.1//ENhttp://www.w3.org/TR/xhtml11/DTD/xhtml11.dtd>
<html xmlns=http://www.w3.org/1999/xhtml>
<head>
<title>TestNG Report</title>
<style type='text / css'>
table {margin-bottom:10px;border-collapse:collapse;empty-cells:show}
td,th {border:1px solid #009;padding:.25em .5em}
.result th {vertical-align:bottom}
.param th {padding-left:1em;padding-right:1em}
.param td {padding-left:.5em;padding-right:2em}
.stripe td,.stripe th {background-color: #E6EBF9}
.numi,.numi_attn {text-align:right}
.total td {font-weight:bold}
.passedodd td {background-color: #0A0}
.passedeven td {background-color: #3F3}
.skippedodd td {background-color: #CCC}
.skippedodd td {background-color: #DDD}
.failedodd td,.numi_attn {background-color: #F33}
.failedeven td,.stripe .numi_attn {background-color: #D00}
.stacktrace {white-space:pre;font-family:monospace}
.totop {font-size:85%;text-align:center;border-bottom:2px solid #000}
</style>
</head>
<body>
<center><h1>TestNG Customized Report - 2016/02/04 10:44:44</h1></center><table cellspacing='0' cellpadding='0' class=testOverview>
<tr><th>Test</th><th>Methods<br/>Passed</th><th># skipped</th><th># failed</th><th>Browser</th><th>Start<br/>Time</th><th>End<br/>Time</th><th>Total<br/>Time(hh:mm:ss)</th><th>Included<br/>Groups</th><th>Excluded<br/>Groups</th></tr>
<tr><th colspan=10>Main Test Suite</th></tr>
<tr><td style= text - align:left;padding - right:2e m ><a href=#t 1 ><b > Regression Test Group </b ></a >  </td > <td class=numi>1</td><td class=numi>0</td><td class=numi>0</td><td class=numi>htmlunit</td></td>
<td class=numi>10:44:12</td></td>
<td class=numi>10:44:29</td></td>
<td class=numi>00:00:16</td><td class=numi></td><td class=numi></td></tr>
<tr><th colspan=10>Main Test Suite (0)</th></tr>
<tr><td style= text - align:left;padding - right:2e m ><a href=#t 2 ><b > Sanity Test Group </b ></a >  </td > <td class=numi>8</td><td class=numi_attn>1</td><td class=numi_attn>2</td><td class=numi>safari</td></td>
<td class=numi>10:44:29</td></td>
<td class=numi>10:44:44</td></td>
<td class=numi>00:00:15</td><td class=numi>all smoke sanity functest </td><td class=numi></td></tr>
<tr class=total><td>Total</td>
<td class=numi>9</td><td class=numi_attn>1</td><td class=numi_attn>2</td><td class=numi> </td><td class=numi> </td><td class=numi> </td><td class=numi>00:00:32</td><td colspan='3'>&nbsp;</td></tr>
</table>
<table cellspacing='0' cellpadding='0' class=methodOverview id=summary>
<tr><th>Class</th><th>Method</th><th>Exception Info</th><th>Start Time </th><th>Execution Time<br/>(hh:mm:ss)</th></tr>
<tr><th colspan=5>Main Test Suite</th></tr>
<tr id=t1><th colspan=5>Regression Test Group &#8212; passed</th></tr>
<tr class=passedodd><td>com.bility.test.regressionTests.YahooTest</td><td><a href=#m1 > <b>yahooSearch</b> (smoke) </a></td><td class='numi + style='text - align:left;padding - right:2e m><br/></td><td style='text - align:right' >10:44:24</td><td class='numi'>00:00:04</td></tr>
<tr><th colspan=5>Main Test Suite (0)</th></tr>
<tr id=t2><th colspan=5>Sanity Test Group &#8212; failed</th></tr>
<tr class=failedodd > <td>com.bility.test.sanityTests.TestA</td><td><a href=#m2 > <b>secondWebSiteA</b> (sanity) </a></td><td class='numi + style='text - align:left;padding - right:2e m>org.openqa.selenium.NoSuchElementException: Unable to locate element: {&quot;method&quot;:&quot;id&quot;,&quot;selector&quot;:&quot;test&quot;}<br/></td><td style='text - align:right' >10:44:41</td><td class='numi'>00:00:01</td></tr>
<tr class=failedeven><td>com.bility.test.sanityTests.TestB</td><td><a href=#m3 > <b>secondTestCaseB</b> (sanity) </a></td><td class='numi + style='text - align:left;padding - right:2e m>java.lang.AssertionError: Failing this Test<br/></td><td style='text - align:right' >10:44:35</td><td class='numi'>00:00:00</td></tr>
<tr><th colspan=5>Sanity Test Group &#8212; skipped</th></tr>
<tr class=skippedodd><td>com.bility.test.sanityTests.TestC</td><td><a href=#m4 > <b>secondTestCaseB</b> (sanity) </a></td><td class='numi + style='text - align:left;padding - right:2e m>org.testng.SkipException: Skipping this test with exception<br/></td><td style='text - align:right' >10:44:29</td><td class='numi'>00:00:05</td></tr>
<tr><th colspan=5>Sanity Test Group &#8212; passed</th></tr>
<tr class=passedodd > <td rowspan=3>com.bility.test.sanityTests.TestA</td><td><a href=#m5 > <b>firstTestCaseA</b> (smoke) </a></td><td class='numi + style='text - align:left;padding - right:2e m><br/></td><td style='text - align:right' >10:44:39</td><td class='numi'>00:00:02</td></tr><tr class=passedodd > <td><a href=#m6 > <b>testYahooSearch</b> (sanity) </a></td><td class='numi + style='text - align:left;padding - right:2e m><br/></td><td style='text - align:right' >10:44:42</td><td class='numi'>00:00:00</td></tr><tr class=passedodd > <td><a href=#m7 > <b>thirdTestCaseA</b> (sanity) </a></td><td class='numi + style='text - align:left;padding - right:2e m><br/></td><td style='text - align:right' >10:44:42</td><td class='numi'>00:00:02</td></tr>
<tr class=passedeven > <td rowspan=4>com.bility.test.sanityTests.TestB</td><td><a href=#m8 > <b>fifthTestCaseB</b> (sanity) </a></td><td class='numi + style='text - align:left;padding - right:2e m><br/></td><td style='text - align:right' >10:44:29</td><td class='numi'>00:00:02</td></tr><tr class=passedeven > <td><a href=#m9 > <b>firstTestCaseB</b> (sanity) </a></td><td class='numi + style='text - align:left;padding - right:2e m><br/></td><td style='text - align:right' >10:44:31</td><td class='numi'>00:00:02</td></tr><tr class=passedeven > <td><a href=#m10 > <b>fourthTestCaseB</b> (sanity) </a></td><td class='numi + style='text - align:left;padding - right:2e m><br/></td><td style='text - align:right' >10:44:33</td><td class='numi'>00:00:02</td></tr><tr class=passedeven > <td><a href=#m11 > <b>thirdTestCaseB</b> (sanity) </a></td><td class='numi + style='text - align:left;padding - right:2e m><br/></td><td style='text - align:right' >10:44:35</td><td class='numi'>00:00:02</td></tr>
<tr class=passedodd><td>com.bility.test.sanityTests.TestC</td><td><a href=#m12 > <b>firstTestCaseB</b> (sanity) </a></td><td class='numi + style='text - align:left;padding - right:2e m><br/></td><td style='text - align:right' >10:44:29</td><td class='numi'>00:00:00</td></tr>
</table>
<h1>Regression Test Group</h1>
<h2 id=m1>com.bility.test.regressionTests.YahooTest:yahooSearch</h2>
<p class='totop'><a href='#summary'>back to summary</a></p>
<h1>Sanity Test Group</h1>
<h2 id=m2>com.bility.test.sanityTests.TestA:secondWebSiteA</h2>
<div>
<div class=stacktrace>org.openqa.selenium.NoSuchElementException: Unable to locate element: {&quot;method&quot;:&quot;id&quot;,&quot;selector&quot;:&quot;test&quot;}
Command duration or timeout: 16 milliseconds
For documentation on this error, please visit: http://seleniumhq.org/exceptions/no_such_element.html
Build info: version: &apos;2.49.1&apos;, revision: &apos;808c23b0963853d375cbe54b90bbd052e2528a54&apos;, time: &apos;2016-01-21 09:37:52&apos;
System info: host: &apos;thunderdome&apos;, ip: &apos;192.168.0.7&apos;, os.name: &apos;Mac OS X&apos;, os.arch: &apos;x86_64&apos;, os.version: &apos;10.10.5&apos;, java.version: &apos;1.8.0_45&apos;
Driver info: org.openqa.selenium.firefox.FirefoxDriver
Capabilities [{applicationCacheEnabled=true, rotatable=false, handlesAlerts=true, databaseEnabled=true, version=44.0, platform=MAC, nativeEvents=false, acceptSslCerts=true, webStorageEnabled=true, locationContextEnabled=true, browserName=firefox, takesScreenshot=true, javascriptEnabled=true, cssSelectorsEnabled=true}]
Session ID: ff23ce78-3f5c-9c40-ab26-b507e3dbe124
*** Element info: {Using=id, value=test}
	at sun.reflect.NativeConstructorAccessorImpl.newInstance0(Native Method)
	at sun.reflect.NativeConstructorAccessorImpl.newInstance(NativeConstructorAccessorImpl.java:62)
	at sun.reflect.DelegatingConstructorAccessorImpl.newInstance(DelegatingConstructorAccessorImpl.java:45)
	at java.lang.reflect.Constructor.newInstance(Constructor.java:422)
	at org.openqa.selenium.remote.ErrorHandler.createThrowable(ErrorHandler.java:206)
	at org.openqa.selenium.remote.ErrorHandler.throwIfResponseFailed(ErrorHandler.java:158)
	at org.openqa.selenium.remote.RemoteWebDriver.execute(RemoteWebDriver.java:678)
	at org.openqa.selenium.remote.RemoteWebDriver.findElement(RemoteWebDriver.java:363)
	at org.openqa.selenium.remote.RemoteWebDriver.findElementById(RemoteWebDriver.java:413)
	at org.openqa.selenium.By$ById.findElement(By.java:218)
	at org.openqa.selenium.remote.RemoteWebDriver.findElement(RemoteWebDriver.java:355)
	at com.bility.test.sanityTests.TestA.secondWebSiteA(TestA.java:39)
	at sun.reflect.NativeMethodAccessorImpl.invoke0(Native Method)
	at sun.reflect.NativeMethodAccessorImpl.invoke(NativeMethodAccessorImpl.java:62)
	at sun.reflect.DelegatingMethodAccessorImpl.invoke(DelegatingMethodAccessorImpl.java:43)
	at java.lang.reflect.Method.invoke(Method.java:497)
	at org.testng.internal.MethodInvocationHelper.invokeMethod(MethodInvocationHelper.java:86)
	at org.testng.internal.Invoker.invokeMethod(Invoker.java:643)
	at org.testng.internal.Invoker.invokeTestMethod(Invoker.java:820)
	at org.testng.internal.Invoker.invokeTestMethods(Invoker.java:1128)
	at org.testng.internal.TestMethodWorker.invokeTestMethods(TestMethodWorker.java:129)
	at org.testng.internal.TestMethodWorker.run(TestMethodWorker.java:112)
	at java.util.concurrent.ThreadPoolExecutor.runWorker(ThreadPoolExecutor.java:1142)
	at java.util.concurrent.ThreadPoolExecutor$Worker.run(ThreadPoolExecutor.java:617)
	at java.lang.Thread.run(Thread.java:745)
Caused by: org.openqa.selenium.NoSuchElementException: Unable to locate element: {&quot;method&quot;:&quot;id&quot;,&quot;selector&quot;:&quot;test&quot;}
For documentation on this error, please visit: http://seleniumhq.org/exceptions/no_such_element.html
Build info: version: &apos;2.49.1&apos;, revision: &apos;808c23b0963853d375cbe54b90bbd052e2528a54&apos;, time: &apos;2016-01-21 09:37:52&apos;
System info: host: &apos;thunderdome&apos;, ip: &apos;192.168.0.7&apos;, os.name: &apos;Mac OS X&apos;, os.arch: &apos;x86_64&apos;, os.version: &apos;10.10.5&apos;, java.version: &apos;1.8.0_45&apos;
Driver info: driver.version: unknown
	at &lt;anonymous class&gt;.FirefoxDriver.prototype.findElementInternal_(file:///var/folders/tn/npj2xyrx77j8vdt2w4tbkhq9_ppt4b/T/anonymous7468467962819392264webdriver-profile/extensions/fxdriver@googlecode.com/components/driver-component.js:10681)
	at &lt;anonymous class&gt;.FirefoxDriver.prototype.findElement(file:///var/folders/tn/npj2xyrx77j8vdt2w4tbkhq9_ppt4b/T/anonymous7468467962819392264webdriver-profile/extensions/fxdriver@googlecode.com/components/driver-component.js:10690)
	at &lt;anonymous class&gt;.DelayedCommand.prototype.executeInternal_/h(file:///var/folders/tn/npj2xyrx77j8vdt2w4tbkhq9_ppt4b/T/anonymous7468467962819392264webdriver-profile/extensions/fxdriver@googlecode.com/components/command-processor.js:12557)
	at &lt;anonymous class&gt;.DelayedCommand.prototype.executeInternal_(file:///var/folders/tn/npj2xyrx77j8vdt2w4tbkhq9_ppt4b/T/anonymous7468467962819392264webdriver-profile/extensions/fxdriver@googlecode.com/components/command-processor.js:12562)
	at &lt;anonymous class&gt;.DelayedCommand.prototype.execute/&lt;(file:///var/folders/tn/npj2xyrx77j8vdt2w4tbkhq9_ppt4b/T/anonymous7468467962819392264webdriver-profile/extensions/fxdriver@googlecode.com/components/command-processor.js:12504)
</div>
</div>
<p class='totop'><a href='#summary'>back to summary</a></p>
<h2 id=m3>com.bility.test.sanityTests.TestB:secondTestCaseB</h2>
<div>
<div class=stacktrace>java.lang.AssertionError: Failing this Test
	at org.testng.Assert.fail(Assert.java:94)
	at com.bility.test.sanityTests.TestB.secondTestCaseB(TestB.java:24)
	at sun.reflect.NativeMethodAccessorImpl.invoke0(Native Method)
	at sun.reflect.NativeMethodAccessorImpl.invoke(NativeMethodAccessorImpl.java:62)
	at sun.reflect.DelegatingMethodAccessorImpl.invoke(DelegatingMethodAccessorImpl.java:43)
	at java.lang.reflect.Method.invoke(Method.java:497)
	at org.testng.internal.MethodInvocationHelper.invokeMethod(MethodInvocationHelper.java:86)
	at org.testng.internal.Invoker.invokeMethod(Invoker.java:643)
	at org.testng.internal.Invoker.invokeTestMethod(Invoker.java:820)
	at org.testng.internal.Invoker.invokeTestMethods(Invoker.java:1128)
	at org.testng.internal.TestMethodWorker.invokeTestMethods(TestMethodWorker.java:129)
	at org.testng.internal.TestMethodWorker.run(TestMethodWorker.java:112)
	at java.util.concurrent.ThreadPoolExecutor.runWorker(ThreadPoolExecutor.java:1142)
	at java.util.concurrent.ThreadPoolExecutor$Worker.run(ThreadPoolExecutor.java:617)
	at java.lang.Thread.run(Thread.java:745)
</div>
</div>
<p class='totop'><a href='#summary'>back to summary</a></p>
<h2 id=m4>com.bility.test.sanityTests.TestC:secondTestCaseB</h2>
<div>
<div class=stacktrace>org.testng.SkipException: Skipping this test with exception
	at com.bility.test.sanityTests.TestC.secondTestCaseB(TestC.java:19)
	at sun.reflect.NativeMethodAccessorImpl.invoke0(Native Method)
	at sun.reflect.NativeMethodAccessorImpl.invoke(NativeMethodAccessorImpl.java:62)
	at sun.reflect.DelegatingMethodAccessorImpl.invoke(DelegatingMethodAccessorImpl.java:43)
	at java.lang.reflect.Method.invoke(Method.java:497)
	at org.testng.internal.MethodInvocationHelper.invokeMethod(MethodInvocationHelper.java:86)
	at org.testng.internal.Invoker.invokeMethod(Invoker.java:643)
	at org.testng.internal.Invoker.invokeTestMethod(Invoker.java:820)
	at org.testng.internal.Invoker.invokeTestMethods(Invoker.java:1128)
	at org.testng.internal.TestMethodWorker.invokeTestMethods(TestMethodWorker.java:129)
	at org.testng.internal.TestMethodWorker.run(TestMethodWorker.java:112)
	at java.util.concurrent.ThreadPoolExecutor.runWorker(ThreadPoolExecutor.java:1142)
	at java.util.concurrent.ThreadPoolExecutor$Worker.run(ThreadPoolExecutor.java:617)
	at java.lang.Thread.run(Thread.java:745)
</div>
</div>
<p class='totop'><a href='#summary'>back to summary</a></p>
<h2 id=m5>com.bility.test.sanityTests.TestA:firstTestCaseA</h2>
<p class='totop'><a href='#summary'>back to summary</a></p>
<h2 id=m6>com.bility.test.sanityTests.TestA:testYahooSearch</h2>
<p class='totop'><a href='#summary'>back to summary</a></p>
<h2 id=m7>com.bility.test.sanityTests.TestA:thirdTestCaseA</h2>
<p class='totop'><a href='#summary'>back to summary</a></p>
<h2 id=m8>com.bility.test.sanityTests.TestB:fifthTestCaseB</h2>
<p class='totop'><a href='#summary'>back to summary</a></p>
<h2 id=m9>com.bility.test.sanityTests.TestB:firstTestCaseB</h2>
<p class='totop'><a href='#summary'>back to summary</a></p>
<h2 id=m10>com.bility.test.sanityTests.TestB:fourthTestCaseB</h2>
<p class='totop'><a href='#summary'>back to summary</a></p>
<h2 id=m11>com.bility.test.sanityTests.TestB:thirdTestCaseB</h2>
<p class='totop'><a href='#summary'>back to summary</a></p>
<h2 id=m12>com.bility.test.sanityTests.TestC:firstTestCaseB</h2>
<p class='totop'><a href='#summary'>back to summary</a></p>
<center> TestNG Report </center>
</body></html>
