<!DOCTYPE html PUBLIC "-//W3C//DTD XHTML 1.1//EN" "http://www.w3.org/TR/xhtml11/DTD/xhtml11.dtd">
<html xmlns="http://www.w3.org/1999/xhtml"><head><title>TestNG Report</title><style type="text/css">table {margin-bottom:10px;border-collapse:collapse;empty-cells:show}th,td {border:1px solid #009;padding:.25em .5em}th {vertical-align:bottom}td {vertical-align:top}table a {font-weight:bold}.stripe td {background-color: #E6EBF9}.num {text-align:right}.passedodd td {background-color: #3F3}.passedeven td {background-color: #0A0}.skippedodd td {background-color: #DDD}.skippedeven td {background-color: #CCC}.failedodd td,.attn {background-color: #F33}.failedeven td,.stripe .attn {background-color: #D00}.stacktrace {white-space:pre;font-family:monospace}.totop {font-size:85%;text-align:center;border-bottom:2px solid #000}</style></head><body><table><tr><th>Test</th><th># Passed</th><th># Skipped</th><th># Failed</th><th>Time (ms)</th><th>Included Groups</th><th>Excluded Groups</th></tr><tr><th colspan="7">Main Test Suite</th></tr><tr><td><a href="#t0">Regression Test Group</a></td><td class="num">1</td><td class="num">0</td><td class="num">0</td><td class="num">16,510</td><td></td><td></td></tr><tr><th colspan="7">Main Test Suite (0)</th></tr><tr class="stripe"><td><a href="#t1">Sanity Test Group</a></td><td class="num">8</td><td class="num attn">1</td><td class="num attn">2</td><td class="num">15,686</td><td>all, smoke, sanity, functest</td><td></td></tr><tr><th>Total</th><th class="num">9</th><th class="num attn">1</th><th class="num attn">2</th><th class="num">32,196</th><th colspan="2"></th></tr></table><table><thead><tr><th>Class</th><th>Method</th><th>Start</th><th>Time (ms)</th></tr></thead><tbody><tr><th colspan="4">Main Test Suite</th></tr></tbody><tbody id="t0"><tr><th colspan="4">Regression Test Group &#8212; passed</th></tr><tr class="passedeven"><td rowspan="1">com.bility.test.regressionTests.YahooTest</td><td><a href="#m0">yahooSearch</a></td><td rowspan="1">1454582664205</td><td rowspan="1">4679</td></tr></tbody><tbody><tr><th colspan="4">Main Test Suite (0)</th></tr></tbody><tbody id="t1"><tr><th colspan="4">Sanity Test Group &#8212; failed</th></tr><tr class="failedeven"><td rowspan="1">com.bility.test.sanityTests.TestA</td><td><a href="#m1">secondWebSiteA</a></td><td rowspan="1">1454582681509</td><td rowspan="1">1029</td></tr><tr class="failedodd"><td rowspan="1">com.bility.test.sanityTests.TestB</td><td><a href="#m2">secondTestCaseB</a></td><td rowspan="1">1454582675122</td><td rowspan="1">505</td></tr><tr><th colspan="4">Sanity Test Group &#8212; skipped</th></tr><tr class="skippedeven"><td rowspan="1">com.bility.test.sanityTests.TestC</td><td><a href="#m3">secondTestCaseB</a></td><td rowspan="1">1454582669216</td><td rowspan="1">5005</td></tr><tr><th colspan="4">Sanity Test Group &#8212; passed</th></tr><tr class="passedeven"><td rowspan="3">com.bility.test.sanityTests.TestA</td><td><a href="#m4">firstTestCaseA</a></td><td rowspan="1">1454582679504</td><td rowspan="1">2004</td></tr><tr class="passedeven"><td><a href="#m5">testYahooSearch</a></td><td rowspan="1">1454582682545</td><td rowspan="1">24</td></tr><tr class="passedeven"><td><a href="#m6">thirdTestCaseA</a></td><td rowspan="1">1454582682570</td><td rowspan="1">2005</td></tr><tr class="passedodd"><td rowspan="4">com.bility.test.sanityTests.TestB</td><td><a href="#m7">fifthTestCaseB</a></td><td rowspan="1">1454582669089</td><td rowspan="1">2020</td></tr><tr class="passedodd"><td><a href="#m8">firstTestCaseB</a></td><td rowspan="1">1454582671111</td><td rowspan="1">2002</td></tr><tr class="passedodd"><td><a href="#m9">fourthTestCaseB</a></td><td rowspan="1">1454582673115</td><td rowspan="1">2004</td></tr><tr class="passedodd"><td><a href="#m10">thirdTestCaseB</a></td><td rowspan="1">1454582675641</td><td rowspan="1">2005</td></tr><tr class="passedeven"><td rowspan="1">com.bility.test.sanityTests.TestC</td><td><a href="#m11">firstTestCaseB</a></td><td rowspan="1">1454582669106</td><td rowspan="1">108</td></tr></tbody></table><h2>Regression Test Group</h2><h3 id="m0">com.bility.test.regressionTests.YahooTest#yahooSearch</h3><table class="result"></table><p class="totop"><a href="#summary">back to summary</a></p><h2>Sanity Test Group</h2><h3 id="m1">com.bility.test.sanityTests.TestA#secondWebSiteA</h3><table class="result"><tr><th>Exception</th></tr><tr><td><div class="stacktrace">org.openqa.selenium.NoSuchElementException: Unable to locate element: {&quot;method&quot;:&quot;id&quot;,&quot;selector&quot;:&quot;test&quot;}
Command duration or timeout: 16 milliseconds
For documentation on this error, please visit: http://seleniumhq.org/exceptions/no_such_element.html
Build info: version: &apos;2.49.1&apos;, revision: &apos;808c23b0963853d375cbe54b90bbd052e2528a54&apos;, time: &apos;2016-01-21 09:37:52&apos;
System info: host: &apos;thunderdome&apos;, ip: &apos;192.168.0.7&apos;, os.name: &apos;Mac OS X&apos;, os.arch: &apos;x86_64&apos;, os.version: &apos;10.10.5&apos;, java.version: &apos;1.8.0_45&apos;
Driver info: org.openqa.selenium.firefox.FirefoxDriver
Capabilities [{applicationCacheEnabled=true, rotatable=false, handlesAlerts=true, databaseEnabled=true, version=44.0, platform=MAC, nativeEvents=false, acceptSslCerts=true, webStorageEnabled=true, locationContextEnabled=true, browserName=firefox, takesScreenshot=true, javascriptEnabled=true, cssSelectorsEnabled=true}]
Session ID: ff23ce78-3f5c-9c40-ab26-b507e3dbe124
*** Element info: {Using=id, value=test}
	at sun.reflect.NativeConstructorAccessorImpl.newInstance0(Native Method)
	at sun.reflect.NativeConstructorAccessorImpl.newInstance(NativeConstructorAccessorImpl.java:62)
	at sun.reflect.DelegatingConstructorAccessorImpl.newInstance(DelegatingConstructorAccessorImpl.java:45)
	at java.lang.reflect.Constructor.newInstance(Constructor.java:422)
	at org.openqa.selenium.remote.ErrorHandler.createThrowable(ErrorHandler.java:206)
	at org.openqa.selenium.remote.ErrorHandler.throwIfResponseFailed(ErrorHandler.java:158)
	at org.openqa.selenium.remote.RemoteWebDriver.execute(RemoteWebDriver.java:678)
	at org.openqa.selenium.remote.RemoteWebDriver.findElement(RemoteWebDriver.java:363)
	at org.openqa.selenium.remote.RemoteWebDriver.findElementById(RemoteWebDriver.java:413)
	at org.openqa.selenium.By$ById.findElement(By.java:218)
	at org.openqa.selenium.remote.RemoteWebDriver.findElement(RemoteWebDriver.java:355)
	at com.bility.test.sanityTests.TestA.secondWebSiteA(TestA.java:39)
	at sun.reflect.NativeMethodAccessorImpl.invoke0(Native Method)
	at sun.reflect.NativeMethodAccessorImpl.invoke(NativeMethodAccessorImpl.java:62)
	at sun.reflect.DelegatingMethodAccessorImpl.invoke(DelegatingMethodAccessorImpl.java:43)
	at java.lang.reflect.Method.invoke(Method.java:497)
	at org.testng.internal.MethodInvocationHelper.invokeMethod(MethodInvocationHelper.java:86)
	at org.testng.internal.Invoker.invokeMethod(Invoker.java:643)
	at org.testng.internal.Invoker.invokeTestMethod(Invoker.java:820)
	at org.testng.internal.Invoker.invokeTestMethods(Invoker.java:1128)
	at org.testng.internal.TestMethodWorker.invokeTestMethods(TestMethodWorker.java:129)
	at org.testng.internal.TestMethodWorker.run(TestMethodWorker.java:112)
	at java.util.concurrent.ThreadPoolExecutor.runWorker(ThreadPoolExecutor.java:1142)
	at java.util.concurrent.ThreadPoolExecutor$Worker.run(ThreadPoolExecutor.java:617)
	at java.lang.Thread.run(Thread.java:745)
Caused by: org.openqa.selenium.NoSuchElementException: Unable to locate element: {&quot;method&quot;:&quot;id&quot;,&quot;selector&quot;:&quot;test&quot;}
For documentation on this error, please visit: http://seleniumhq.org/exceptions/no_such_element.html
Build info: version: &apos;2.49.1&apos;, revision: &apos;808c23b0963853d375cbe54b90bbd052e2528a54&apos;, time: &apos;2016-01-21 09:37:52&apos;
System info: host: &apos;thunderdome&apos;, ip: &apos;192.168.0.7&apos;, os.name: &apos;Mac OS X&apos;, os.arch: &apos;x86_64&apos;, os.version: &apos;10.10.5&apos;, java.version: &apos;1.8.0_45&apos;
Driver info: driver.version: unknown
	at &lt;anonymous class&gt;.FirefoxDriver.prototype.findElementInternal_(file:///var/folders/tn/npj2xyrx77j8vdt2w4tbkhq9_ppt4b/T/anonymous7468467962819392264webdriver-profile/extensions/fxdriver@googlecode.com/components/driver-component.js:10681)
	at &lt;anonymous class&gt;.FirefoxDriver.prototype.findElement(file:///var/folders/tn/npj2xyrx77j8vdt2w4tbkhq9_ppt4b/T/anonymous7468467962819392264webdriver-profile/extensions/fxdriver@googlecode.com/components/driver-component.js:10690)
	at &lt;anonymous class&gt;.DelayedCommand.prototype.executeInternal_/h(file:///var/folders/tn/npj2xyrx77j8vdt2w4tbkhq9_ppt4b/T/anonymous7468467962819392264webdriver-profile/extensions/fxdriver@googlecode.com/components/command-processor.js:12557)
	at &lt;anonymous class&gt;.DelayedCommand.prototype.executeInternal_(file:///var/folders/tn/npj2xyrx77j8vdt2w4tbkhq9_ppt4b/T/anonymous7468467962819392264webdriver-profile/extensions/fxdriver@googlecode.com/components/command-processor.js:12562)
	at &lt;anonymous class&gt;.DelayedCommand.prototype.execute/&lt;(file:///var/folders/tn/npj2xyrx77j8vdt2w4tbkhq9_ppt4b/T/anonymous7468467962819392264webdriver-profile/extensions/fxdriver@googlecode.com/components/command-processor.js:12504)
</div></td></tr></table><p class="totop"><a href="#summary">back to summary</a></p><h3 id="m2">com.bility.test.sanityTests.TestB#secondTestCaseB</h3><table class="result"><tr><th>Exception</th></tr><tr><td><div class="stacktrace">java.lang.AssertionError: Failing this Test
	at org.testng.Assert.fail(Assert.java:94)
	at com.bility.test.sanityTests.TestB.secondTestCaseB(TestB.java:24)
	at sun.reflect.NativeMethodAccessorImpl.invoke0(Native Method)
	at sun.reflect.NativeMethodAccessorImpl.invoke(NativeMethodAccessorImpl.java:62)
	at sun.reflect.DelegatingMethodAccessorImpl.invoke(DelegatingMethodAccessorImpl.java:43)
	at java.lang.reflect.Method.invoke(Method.java:497)
	at org.testng.internal.MethodInvocationHelper.invokeMethod(MethodInvocationHelper.java:86)
	at org.testng.internal.Invoker.invokeMethod(Invoker.java:643)
	at org.testng.internal.Invoker.invokeTestMethod(Invoker.java:820)
	at org.testng.internal.Invoker.invokeTestMethods(Invoker.java:1128)
	at org.testng.internal.TestMethodWorker.invokeTestMethods(TestMethodWorker.java:129)
	at org.testng.internal.TestMethodWorker.run(TestMethodWorker.java:112)
	at java.util.concurrent.ThreadPoolExecutor.runWorker(ThreadPoolExecutor.java:1142)
	at java.util.concurrent.ThreadPoolExecutor$Worker.run(ThreadPoolExecutor.java:617)
	at java.lang.Thread.run(Thread.java:745)
</div></td></tr></table><p class="totop"><a href="#summary">back to summary</a></p><h3 id="m3">com.bility.test.sanityTests.TestC#secondTestCaseB</h3><table class="result"><tr><th>Exception</th></tr><tr><td><div class="stacktrace">org.testng.SkipException: Skipping this test with exception
	at com.bility.test.sanityTests.TestC.secondTestCaseB(TestC.java:19)
	at sun.reflect.NativeMethodAccessorImpl.invoke0(Native Method)
	at sun.reflect.NativeMethodAccessorImpl.invoke(NativeMethodAccessorImpl.java:62)
	at sun.reflect.DelegatingMethodAccessorImpl.invoke(DelegatingMethodAccessorImpl.java:43)
	at java.lang.reflect.Method.invoke(Method.java:497)
	at org.testng.internal.MethodInvocationHelper.invokeMethod(MethodInvocationHelper.java:86)
	at org.testng.internal.Invoker.invokeMethod(Invoker.java:643)
	at org.testng.internal.Invoker.invokeTestMethod(Invoker.java:820)
	at org.testng.internal.Invoker.invokeTestMethods(Invoker.java:1128)
	at org.testng.internal.TestMethodWorker.invokeTestMethods(TestMethodWorker.java:129)
	at org.testng.internal.TestMethodWorker.run(TestMethodWorker.java:112)
	at java.util.concurrent.ThreadPoolExecutor.runWorker(ThreadPoolExecutor.java:1142)
	at java.util.concurrent.ThreadPoolExecutor$Worker.run(ThreadPoolExecutor.java:617)
	at java.lang.Thread.run(Thread.java:745)
</div></td></tr></table><p class="totop"><a href="#summary">back to summary</a></p><h3 id="m4">com.bility.test.sanityTests.TestA#firstTestCaseA</h3><table class="result"></table><p class="totop"><a href="#summary">back to summary</a></p><h3 id="m5">com.bility.test.sanityTests.TestA#testYahooSearch</h3><table class="result"></table><p class="totop"><a href="#summary">back to summary</a></p><h3 id="m6">com.bility.test.sanityTests.TestA#thirdTestCaseA</h3><table class="result"></table><p class="totop"><a href="#summary">back to summary</a></p><h3 id="m7">com.bility.test.sanityTests.TestB#fifthTestCaseB</h3><table class="result"></table><p class="totop"><a href="#summary">back to summary</a></p><h3 id="m8">com.bility.test.sanityTests.TestB#firstTestCaseB</h3><table class="result"></table><p class="totop"><a href="#summary">back to summary</a></p><h3 id="m9">com.bility.test.sanityTests.TestB#fourthTestCaseB</h3><table class="result"></table><p class="totop"><a href="#summary">back to summary</a></p><h3 id="m10">com.bility.test.sanityTests.TestB#thirdTestCaseB</h3><table class="result"></table><p class="totop"><a href="#summary">back to summary</a></p><h3 id="m11">com.bility.test.sanityTests.TestC#firstTestCaseB</h3><table class="result"></table><p class="totop"><a href="#summary">back to summary</a></p></body></html>