[0m[[0minfo[0m] [0m[32mChrome:[0m[0m
[0m[[0minfo[0m] [0m[32m- yahooSearch[0m[0m
[0m[[0minfo[0m] [0m[32m- firstTestCaseB[0m[0m
[0m[[0minfo[0m] [0m[32m- fifthTestCaseB[0m[0m
[0m[[0minfo[0m] [0m[32m- firstTestCaseB[0m[0m
[0m[[0minfo[0m] [0m[33m- secondTestCaseB !!! IGNORED !!![0m[0m
[0m[[0minfo[0m] [0m[32m- fourthTestCaseB[0m[0m
[0m[[0minfo[0m] [0m[31m- secondTestCaseB *** FAILED ***[0m[0m
[0m[[0minfo[0m] [0m[31m  java.lang.AssertionError: Failing this Test[0m[0m
[0m[[0minfo[0m] [0m[31m  at org.testng.Assert.fail(Assert.java:94)[0m[0m
[0m[[0minfo[0m] [0m[31m  at com.bility.test.sanityTests.TestB.secondTestCaseB(TestB.java:24)[0m[0m
[0m[[0minfo[0m] [0m[31m  at sun.reflect.NativeMethodAccessorImpl.invoke0(Native Method)[0m[0m
[0m[[0minfo[0m] [0m[31m  at sun.reflect.NativeMethodAccessorImpl.invoke(NativeMethodAccessorImpl.java:62)[0m[0m
[0m[[0minfo[0m] [0m[31m  at sun.reflect.DelegatingMethodAccessorImpl.invoke(DelegatingMethodAccessorImpl.java:43)[0m[0m
[0m[[0minfo[0m] [0m[31m  at java.lang.reflect.Method.invoke(Method.java:497)[0m[0m
[0m[[0minfo[0m] [0m[31m  at org.testng.internal.MethodInvocationHelper.invokeMethod(MethodInvocationHelper.java:86)[0m[0m
[0m[[0minfo[0m] [0m[31m  at org.testng.internal.Invoker.invokeMethod(Invoker.java:643)[0m[0m
[0m[[0minfo[0m] [0m[31m  at org.testng.internal.Invoker.invokeTestMethod(Invoker.java:820)[0m[0m
[0m[[0minfo[0m] [0m[31m  at org.testng.internal.Invoker.invokeTestMethods(Invoker.java:1128)[0m[0m
[0m[[0minfo[0m] [0m[31m  ...[0m[0m
[0m[[0minfo[0m] [0m[32m- thirdTestCaseB[0m[0m
[0m[[0minfo[0m] [0m[32m- firstTestCaseA[0m[0m
[0m[[0minfo[0m] [0m[31m- secondWebSiteA *** FAILED ***[0m[0m
[0m[[0minfo[0m] [0m[31m  org.openqa.selenium.NoSuchElementException: Unable to locate element: {"method":"id","selector":"test"}[0m[0m
[0m[[0minfo[0m] [0m[31mCommand duration or timeout: 16 milliseconds[0m[0m
[0m[[0minfo[0m] [0m[31mFor documentation on this error, please visit: http://seleniumhq.org/exceptions/no_such_element.html[0m[0m
[0m[[0minfo[0m] [0m[31mBuild info: version: '2.49.1', revision: '808c23b0963853d375cbe54b90bbd052e2528a54', time: '2016-01-21 09:37:52'[0m[0m
[0m[[0minfo[0m] [0m[31mSystem info: host: 'thunderdome', ip: '192.168.0.7', os.name: 'Mac OS X', os.arch: 'x86_64', os.version: '10.10.5', java.version: '1.8.0_45'[0m[0m
[0m[[0minfo[0m] [0m[31mDriver info: org.openqa.selenium.firefox.FirefoxDriver[0m[0m
[0m[[0minfo[0m] [0m[31mCapabilities [{applicationCacheEnabled=true, rotatable=false, handlesAlerts=true, databaseEnabled=true, version=44.0, platform=MAC, nativeEvents=false, acceptSslCerts=true, webStorageEnabled=true, locationContextEnabled=true, browserName=firefox, takesScreenshot=true, javascriptEnabled=true, cssSelectorsEnabled=true}][0m[0m
[0m[[0minfo[0m] [0m[31mSession ID: ff23ce78-3f5c-9c40-ab26-b507e3dbe124[0m[0m
[0m[[0minfo[0m] [0m[31m*** Element info: {Using=id, value=test}[0m[0m
[0m[[0minfo[0m] [0m[31m  at sun.reflect.NativeConstructorAccessorImpl.newInstance0(Native Method)[0m[0m
[0m[[0minfo[0m] [0m[31m  at sun.reflect.NativeConstructorAccessorImpl.newInstance(NativeConstructorAccessorImpl.java:62)[0m[0m
[0m[[0minfo[0m] [0m[31m  at sun.reflect.DelegatingConstructorAccessorImpl.newInstance(DelegatingConstructorAccessorImpl.java:45)[0m[0m
[0m[[0minfo[0m] [0m[31m  at java.lang.reflect.Constructor.newInstance(Constructor.java:422)[0m[0m
[0m[[0minfo[0m] [0m[31m  at org.openqa.selenium.remote.ErrorHandler.createThrowable(ErrorHandler.java:206)[0m[0m
[0m[[0minfo[0m] [0m[31m  at org.openqa.selenium.remote.ErrorHandler.throwIfResponseFailed(ErrorHandler.java:158)[0m[0m
[0m[[0minfo[0m] [0m[31m  at org.openqa.selenium.remote.RemoteWebDriver.execute(RemoteWebDriver.java:678)[0m[0m
[0m[[0minfo[0m] [0m[31m  at org.openqa.selenium.remote.RemoteWebDriver.findElement(RemoteWebDriver.java:363)[0m[0m
[0m[[0minfo[0m] [0m[31m  at org.openqa.selenium.remote.RemoteWebDriver.findElementById(RemoteWebDriver.java:413)[0m[0m
[0m[[0minfo[0m] [0m[31m  at org.openqa.selenium.By$ById.findElement(By.java:218)[0m[0m
[0m[[0minfo[0m] [0m[31m  ...[0m[0m
[0m[[0minfo[0m] [0m[31m  Cause: org.openqa.selenium.NoSuchElementException: Unable to locate element: {"method":"id","selector":"test"}[0m[0m
[0m[[0minfo[0m] [0m[31mFor documentation on this error, please visit: http://seleniumhq.org/exceptions/no_such_element.html[0m[0m
[0m[[0minfo[0m] [0m[31mBuild info: version: '2.49.1', revision: '808c23b0963853d375cbe54b90bbd052e2528a54', time: '2016-01-21 09:37:52'[0m[0m
[0m[[0minfo[0m] [0m[31mSystem info: host: 'thunderdome', ip: '192.168.0.7', os.name: 'Mac OS X', os.arch: 'x86_64', os.version: '10.10.5', java.version: '1.8.0_45'[0m[0m
[0m[[0minfo[0m] [0m[31mDriver info: driver.version: unknown[0m[0m
[0m[[0minfo[0m] [0m[31m  at <anonymous class>.FirefoxDriver.prototype.findElementInternal_(file:///var/folders/tn/npj2xyrx77j8vdt2w4tbkhq9_ppt4b/T/anonymous7468467962819392264webdriver-profile/extensions/fxdriver@googlecode.com/components/driver-component.js:10681)[0m[0m
[0m[[0minfo[0m] [0m[31m  at <anonymous class>.FirefoxDriver.prototype.findElement(file:///var/folders/tn/npj2xyrx77j8vdt2w4tbkhq9_ppt4b/T/anonymous7468467962819392264webdriver-profile/extensions/fxdriver@googlecode.com/components/driver-component.js:10690)[0m[0m
[0m[[0minfo[0m] [0m[31m  at <anonymous class>.DelayedCommand.prototype.executeInternal_/h(file:///var/folders/tn/npj2xyrx77j8vdt2w4tbkhq9_ppt4b/T/anonymous7468467962819392264webdriver-profile/extensions/fxdriver@googlecode.com/components/command-processor.js:12557)[0m[0m
[0m[[0minfo[0m] [0m[31m  at <anonymous class>.DelayedCommand.prototype.executeInternal_(file:///var/folders/tn/npj2xyrx77j8vdt2w4tbkhq9_ppt4b/T/anonymous7468467962819392264webdriver-profile/extensions/fxdriver@googlecode.com/components/command-processor.js:12562)[0m[0m
[0m[[0minfo[0m] [0m[31m  at <anonymous class>.DelayedCommand.prototype.execute/<(file:///var/folders/tn/npj2xyrx77j8vdt2w4tbkhq9_ppt4b/T/anonymous7468467962819392264webdriver-profile/extensions/fxdriver@googlecode.com/components/command-processor.js:12504)[0m[0m
[0m[[0minfo[0m] [0m[31m  ...[0m[0m
[0m[[0minfo[0m] [0m[32m- testYahooSearch[0m[0m
[0m[[0minfo[0m] [0m[32m- thirdTestCaseA[0m[0m
