<?xml version="1.0" encoding="UTF-8"?>
<!-- Generated by org.testng.reporters.JUnitXMLReporter -->
<testsuite hostname="thunderdome" name="Sanity Test Group" tests="11" failures="2" timestamp="4 Feb 2016 10:44:44 GMT" time="15.686" errors="0">
  <testcase name="firstTestCaseB" time="0.108" classname="com.bility.test.sanityTests.TestC"/>
  <testcase name="fifthTestCaseB" time="2.02" classname="com.bility.test.sanityTests.TestB"/>
  <testcase name="firstTestCaseB" time="2.002" classname="com.bility.test.sanityTests.TestB"/>
  <testcase name="secondTestCaseB" time="5.005" classname="com.bility.test.sanityTests.TestC">
    <skipped/>
  </testcase> <!-- secondTestCaseB -->
  <testcase name="fourthTestCaseB" time="2.004" classname="com.bility.test.sanityTests.TestB"/>
  <testcase name="secondTestCaseB" time="0.505" classname="com.bility.test.sanityTests.TestB">
    <failure type="java.lang.AssertionError" message="Failing this Test">
      <![CDATA[java.lang.AssertionError: Failing this Test
	at org.testng.Assert.fail(Assert.java:94)
	at com.bility.test.sanityTests.TestB.secondTestCaseB(TestB.java:24)
	at sun.reflect.NativeMethodAccessorImpl.invoke0(Native Method)
	at sun.reflect.NativeMethodAccessorImpl.invoke(NativeMethodAccessorImpl.java:62)
	at sun.reflect.DelegatingMethodAccessorImpl.invoke(DelegatingMethodAccessorImpl.java:43)
	at java.lang.reflect.Method.invoke(Method.java:497)
	at org.testng.internal.MethodInvocationHelper.invokeMethod(MethodInvocationHelper.java:86)
	at org.testng.internal.Invoker.invokeMethod(Invoker.java:643)
	at org.testng.internal.Invoker.invokeTestMethod(Invoker.java:820)
	at org.testng.internal.Invoker.invokeTestMethods(Invoker.java:1128)
	at org.testng.internal.TestMethodWorker.invokeTestMethods(TestMethodWorker.java:129)
	at org.testng.internal.TestMethodWorker.run(TestMethodWorker.java:112)
	at java.util.concurrent.ThreadPoolExecutor.runWorker(ThreadPoolExecutor.java:1142)
	at java.util.concurrent.ThreadPoolExecutor$Worker.run(ThreadPoolExecutor.java:617)
	at java.lang.Thread.run(Thread.java:745)
]]>
    </failure>
  </testcase> <!-- secondTestCaseB -->
  <testcase name="thirdTestCaseB" time="2.005" classname="com.bility.test.sanityTests.TestB"/>
  <testcase name="firstTestCaseA" time="2.004" classname="com.bility.test.sanityTests.TestA"/>
  <testcase name="secondWebSiteA" time="1.029" classname="com.bility.test.sanityTests.TestA">
    <failure type="org.openqa.selenium.NoSuchElementException" message="Unable to locate element: {&amp;quot;method&amp;quot;:&amp;quot;id&amp;quot;,&amp;quot;selector&amp;quot;:&amp;quot;test&amp;quot;}
Command duration or timeout: 16 milliseconds
For documentation on this error, please visit: http://seleniumhq.org/exceptions/no_such_element.html
Build info: version: &amp;apos;2.49.1&amp;apos;, revision: &amp;apos;808c23b0963853d375cbe54b90bbd052e2528a54&amp;apos;, time: &amp;apos;2016-01-21 09:37:52&amp;apos;
System info: host: &amp;apos;thunderdome&amp;apos;, ip: &amp;apos;192.168.0.7&amp;apos;, os.name: &amp;apos;Mac OS X&amp;apos;, os.arch: &amp;apos;x86_64&amp;apos;, os.version: &amp;apos;10.10.5&amp;apos;, java.version: &amp;apos;1.8.0_45&amp;apos;
Driver info: org.openqa.selenium.firefox.FirefoxDriver
Capabilities [{applicationCacheEnabled=true, rotatable=false, handlesAlerts=true, databaseEnabled=true, version=44.0, platform=MAC, nativeEvents=false, acceptSslCerts=true, webStorageEnabled=true, locationContextEnabled=true, browserName=firefox, takesScreenshot=true, javascriptEnabled=true, cssSelectorsEnabled=true}]
Session ID: ff23ce78-3f5c-9c40-ab26-b507e3dbe124
*** Element info: {Using=id, value=test}">
      <![CDATA[org.openqa.selenium.NoSuchElementException: Unable to locate element: {"method":"id","selector":"test"}
Command duration or timeout: 16 milliseconds
For documentation on this error, please visit: http://seleniumhq.org/exceptions/no_such_element.html
Build info: version: '2.49.1', revision: '808c23b0963853d375cbe54b90bbd052e2528a54', time: '2016-01-21 09:37:52'
System info: host: 'thunderdome', ip: '192.168.0.7', os.name: 'Mac OS X', os.arch: 'x86_64', os.version: '10.10.5', java.version: '1.8.0_45'
Driver info: org.openqa.selenium.firefox.FirefoxDriver
Capabilities [{applicationCacheEnabled=true, rotatable=false, handlesAlerts=true, databaseEnabled=true, version=44.0, platform=MAC, nativeEvents=false, acceptSslCerts=true, webStorageEnabled=true, locationContextEnabled=true, browserName=firefox, takesScreenshot=true, javascriptEnabled=true, cssSelectorsEnabled=true}]
Session ID: ff23ce78-3f5c-9c40-ab26-b507e3dbe124
*** Element info: {Using=id, value=test}
	at sun.reflect.NativeConstructorAccessorImpl.newInstance0(Native Method)
	at sun.reflect.NativeConstructorAccessorImpl.newInstance(NativeConstructorAccessorImpl.java:62)
	at sun.reflect.DelegatingConstructorAccessorImpl.newInstance(DelegatingConstructorAccessorImpl.java:45)
	at java.lang.reflect.Constructor.newInstance(Constructor.java:422)
	at org.openqa.selenium.remote.ErrorHandler.createThrowable(ErrorHandler.java:206)
	at org.openqa.selenium.remote.ErrorHandler.throwIfResponseFailed(ErrorHandler.java:158)
	at org.openqa.selenium.remote.RemoteWebDriver.execute(RemoteWebDriver.java:678)
	at org.openqa.selenium.remote.RemoteWebDriver.findElement(RemoteWebDriver.java:363)
	at org.openqa.selenium.remote.RemoteWebDriver.findElementById(RemoteWebDriver.java:413)
	at org.openqa.selenium.By$ById.findElement(By.java:218)
	at org.openqa.selenium.remote.RemoteWebDriver.findElement(RemoteWebDriver.java:355)
	at com.bility.test.sanityTests.TestA.secondWebSiteA(TestA.java:39)
	at sun.reflect.NativeMethodAccessorImpl.invoke0(Native Method)
	at sun.reflect.NativeMethodAccessorImpl.invoke(NativeMethodAccessorImpl.java:62)
	at sun.reflect.DelegatingMethodAccessorImpl.invoke(DelegatingMethodAccessorImpl.java:43)
	at java.lang.reflect.Method.invoke(Method.java:497)
	at org.testng.internal.MethodInvocationHelper.invokeMethod(MethodInvocationHelper.java:86)
	at org.testng.internal.Invoker.invokeMethod(Invoker.java:643)
	at org.testng.internal.Invoker.invokeTestMethod(Invoker.java:820)
	at org.testng.internal.Invoker.invokeTestMethods(Invoker.java:1128)
	at org.testng.internal.TestMethodWorker.invokeTestMethods(TestMethodWorker.java:129)
	at org.testng.internal.TestMethodWorker.run(TestMethodWorker.java:112)
	at java.util.concurrent.ThreadPoolExecutor.runWorker(ThreadPoolExecutor.java:1142)
	at java.util.concurrent.ThreadPoolExecutor$Worker.run(ThreadPoolExecutor.java:617)
	at java.lang.Thread.run(Thread.java:745)
Caused by: org.openqa.selenium.NoSuchElementException: Unable to locate element: {"method":"id","selector":"test"}
For documentation on this error, please visit: http://seleniumhq.org/exceptions/no_such_element.html
Build info: version: '2.49.1', revision: '808c23b0963853d375cbe54b90bbd052e2528a54', time: '2016-01-21 09:37:52'
System info: host: 'thunderdome', ip: '192.168.0.7', os.name: 'Mac OS X', os.arch: 'x86_64', os.version: '10.10.5', java.version: '1.8.0_45'
Driver info: driver.version: unknown
	at <anonymous class>.FirefoxDriver.prototype.findElementInternal_(file:///var/folders/tn/npj2xyrx77j8vdt2w4tbkhq9_ppt4b/T/anonymous7468467962819392264webdriver-profile/extensions/fxdriver@googlecode.com/components/driver-component.js:10681)
	at <anonymous class>.FirefoxDriver.prototype.findElement(file:///var/folders/tn/npj2xyrx77j8vdt2w4tbkhq9_ppt4b/T/anonymous7468467962819392264webdriver-profile/extensions/fxdriver@googlecode.com/components/driver-component.js:10690)
	at <anonymous class>.DelayedCommand.prototype.executeInternal_/h(file:///var/folders/tn/npj2xyrx77j8vdt2w4tbkhq9_ppt4b/T/anonymous7468467962819392264webdriver-profile/extensions/fxdriver@googlecode.com/components/command-processor.js:12557)
	at <anonymous class>.DelayedCommand.prototype.executeInternal_(file:///var/folders/tn/npj2xyrx77j8vdt2w4tbkhq9_ppt4b/T/anonymous7468467962819392264webdriver-profile/extensions/fxdriver@googlecode.com/components/command-processor.js:12562)
	at <anonymous class>.DelayedCommand.prototype.execute/<(file:///var/folders/tn/npj2xyrx77j8vdt2w4tbkhq9_ppt4b/T/anonymous7468467962819392264webdriver-profile/extensions/fxdriver@googlecode.com/components/command-processor.js:12504)
]]>
    </failure>
  </testcase> <!-- secondWebSiteA -->
  <testcase name="testYahooSearch" time="0.024" classname="com.bility.test.sanityTests.TestA"/>
  <testcase name="thirdTestCaseA" time="2.005" classname="com.bility.test.sanityTests.TestA"/>
</testsuite> <!-- Sanity Test Group -->
